[12:18:14] [main/INFO]: Environment: authHost='https://authserver.mojang.com', accountsHost='https://api.mojang.com', sessionHost='https://sessionserver.mojang.com', servicesHost='https://api.minecraftservices.com', name='PROD'
[12:18:14] [main/INFO]: Found new data pack file/bukkit, loading it automatically
[12:18:14] [main/INFO]: Reloading ResourceManager: Default, bukkit
[12:18:15] [Worker-Main-9/INFO]: Loaded 7 recipes
[12:18:17] [Server thread/INFO]: Starting minecraft server version 1.16.4
[12:18:17] [Server thread/INFO]: Loading properties
[12:18:18] [Server thread/INFO]: This server is running CraftBukkit version git-Spigot-37d799b-3eb7236 (MC: 1.16.4) (Implementing API version 1.16.4-R0.1-SNAPSHOT)
[12:18:18] [Server thread/INFO]: Debug logging is disabled
[12:18:18] [Server thread/INFO]: Using 4 threads for Netty based IO
[12:18:18] [Server thread/INFO]: Server Ping Player Sample Count: 12
[12:18:18] [Server thread/INFO]: Default game type: SURVIVAL
[12:18:18] [Server thread/INFO]: Generating keypair
[12:18:18] [Server thread/INFO]: Starting Minecraft server on *:25565
[12:18:18] [Server thread/INFO]: Using default channel type
[12:18:19] [Server thread/INFO]: Preparing level "world"
[12:18:19] [Server thread/INFO]: -------- World Settings For [world] --------
[12:18:19] [Server thread/INFO]: Custom Map Seeds:  Village: 10387312 Desert: 14357617 Igloo: 14357618 Jungle: 14357619 Swamp: 14357620 Monument: 10387313 Ocean: 14357621 Shipwreck: 165745295 End City: 10387313 Slime: 987234911 Bastion: 30084232 Fortress: 30084232 Mansion: 10387319 Fossil: 14357921 Portal: 34222645
[12:18:19] [Server thread/INFO]: Experience Merge Radius: 3.0
[12:18:19] [Server thread/INFO]: Mob Spawn Range: 6
[12:18:19] [Server thread/INFO]: Hopper Transfer: 8 Hopper Check: 1 Hopper Amount: 1
[12:18:19] [Server thread/INFO]: Entity Activation Range: An 32 / Mo 32 / Ra 48 / Mi 16 / Tiv true
[12:18:19] [Server thread/INFO]: Cactus Growth Modifier: 100%
[12:18:19] [Server thread/INFO]: Cane Growth Modifier: 100%
[12:18:19] [Server thread/INFO]: Melon Growth Modifier: 100%
[12:18:19] [Server thread/INFO]: Mushroom Growth Modifier: 100%
[12:18:19] [Server thread/INFO]: Pumpkin Growth Modifier: 100%
[12:18:19] [Server thread/INFO]: Sapling Growth Modifier: 100%
[12:18:19] [Server thread/INFO]: Beetroot Growth Modifier: 100%
[12:18:19] [Server thread/INFO]: Carrot Growth Modifier: 100%
[12:18:19] [Server thread/INFO]: Potato Growth Modifier: 100%
[12:18:19] [Server thread/INFO]: Wheat Growth Modifier: 100%
[12:18:19] [Server thread/INFO]: NetherWart Growth Modifier: 100%
[12:18:19] [Server thread/INFO]: Vine Growth Modifier: 100%
[12:18:19] [Server thread/INFO]: Cocoa Growth Modifier: 100%
[12:18:19] [Server thread/INFO]: Bamboo Growth Modifier: 100%
[12:18:19] [Server thread/INFO]: SweetBerry Growth Modifier: 100%
[12:18:19] [Server thread/INFO]: Kelp Growth Modifier: 100%
[12:18:19] [Server thread/INFO]: Tile Max Tick Time: 50ms Entity max Tick Time: 50ms
[12:18:19] [Server thread/INFO]: Max TNT Explosions: 100
[12:18:19] [Server thread/INFO]: Item Despawn Rate: 6000
[12:18:19] [Server thread/INFO]: Item Merge Radius: 2.5
[12:18:19] [Server thread/INFO]: View Distance: 10
[12:18:19] [Server thread/INFO]: Entity Tracking Range: Pl 48 / An 48 / Mo 48 / Mi 32 / Other 64
[12:18:19] [Server thread/INFO]: Allow Zombie Pigmen to spawn from portal blocks: true
[12:18:19] [Server thread/INFO]: Arrow Despawn Rate: 1200 Trident Respawn Rate:1200
[12:18:19] [Server thread/INFO]: Nerfing mobs spawned from spawners: false
[12:18:19] [Server thread/INFO]: Zombie Aggressive Towards Villager: true
[12:18:23] [Server thread/INFO]: -------- World Settings For [world_nether] --------
[12:18:23] [Server thread/INFO]: Custom Map Seeds:  Village: 10387312 Desert: 14357617 Igloo: 14357618 Jungle: 14357619 Swamp: 14357620 Monument: 10387313 Ocean: 14357621 Shipwreck: 165745295 End City: 10387313 Slime: 987234911 Bastion: 30084232 Fortress: 30084232 Mansion: 10387319 Fossil: 14357921 Portal: 34222645
[12:18:23] [Server thread/INFO]: Experience Merge Radius: 3.0
[12:18:23] [Server thread/INFO]: Mob Spawn Range: 6
[12:18:23] [Server thread/INFO]: Hopper Transfer: 8 Hopper Check: 1 Hopper Amount: 1
[12:18:23] [Server thread/INFO]: Entity Activation Range: An 32 / Mo 32 / Ra 48 / Mi 16 / Tiv true
[12:18:23] [Server thread/INFO]: Cactus Growth Modifier: 100%
[12:18:23] [Server thread/INFO]: Cane Growth Modifier: 100%
[12:18:23] [Server thread/INFO]: Melon Growth Modifier: 100%
[12:18:23] [Server thread/INFO]: Mushroom Growth Modifier: 100%
[12:18:23] [Server thread/INFO]: Pumpkin Growth Modifier: 100%
[12:18:23] [Server thread/INFO]: Sapling Growth Modifier: 100%
[12:18:23] [Server thread/INFO]: Beetroot Growth Modifier: 100%
[12:18:23] [Server thread/INFO]: Carrot Growth Modifier: 100%
[12:18:23] [Server thread/INFO]: Potato Growth Modifier: 100%
[12:18:23] [Server thread/INFO]: Wheat Growth Modifier: 100%
[12:18:23] [Server thread/INFO]: NetherWart Growth Modifier: 100%
[12:18:23] [Server thread/INFO]: Vine Growth Modifier: 100%
[12:18:23] [Server thread/INFO]: Cocoa Growth Modifier: 100%
[12:18:23] [Server thread/INFO]: Bamboo Growth Modifier: 100%
[12:18:23] [Server thread/INFO]: SweetBerry Growth Modifier: 100%
[12:18:23] [Server thread/INFO]: Kelp Growth Modifier: 100%
[12:18:23] [Server thread/INFO]: Tile Max Tick Time: 50ms Entity max Tick Time: 50ms
[12:18:23] [Server thread/INFO]: Max TNT Explosions: 100
[12:18:23] [Server thread/INFO]: Item Despawn Rate: 6000
[12:18:23] [Server thread/INFO]: Item Merge Radius: 2.5
[12:18:23] [Server thread/INFO]: View Distance: 10
[12:18:23] [Server thread/INFO]: Entity Tracking Range: Pl 48 / An 48 / Mo 48 / Mi 32 / Other 64
[12:18:23] [Server thread/INFO]: Allow Zombie Pigmen to spawn from portal blocks: true
[12:18:23] [Server thread/INFO]: Arrow Despawn Rate: 1200 Trident Respawn Rate:1200
[12:18:23] [Server thread/INFO]: Nerfing mobs spawned from spawners: false
[12:18:23] [Server thread/INFO]: Zombie Aggressive Towards Villager: true
[12:18:23] [Server thread/WARN]: Unable to find spawn biome
[12:18:23] [Server thread/INFO]: -------- World Settings For [world_the_end] --------
[12:18:23] [Server thread/INFO]: Custom Map Seeds:  Village: 10387312 Desert: 14357617 Igloo: 14357618 Jungle: 14357619 Swamp: 14357620 Monument: 10387313 Ocean: 14357621 Shipwreck: 165745295 End City: 10387313 Slime: 987234911 Bastion: 30084232 Fortress: 30084232 Mansion: 10387319 Fossil: 14357921 Portal: 34222645
[12:18:23] [Server thread/INFO]: Experience Merge Radius: 3.0
[12:18:23] [Server thread/INFO]: Mob Spawn Range: 6
[12:18:23] [Server thread/INFO]: Hopper Transfer: 8 Hopper Check: 1 Hopper Amount: 1
[12:18:23] [Server thread/INFO]: Entity Activation Range: An 32 / Mo 32 / Ra 48 / Mi 16 / Tiv true
[12:18:23] [Server thread/INFO]: Cactus Growth Modifier: 100%
[12:18:23] [Server thread/INFO]: Cane Growth Modifier: 100%
[12:18:23] [Server thread/INFO]: Melon Growth Modifier: 100%
[12:18:23] [Server thread/INFO]: Mushroom Growth Modifier: 100%
[12:18:23] [Server thread/INFO]: Pumpkin Growth Modifier: 100%
[12:18:23] [Server thread/INFO]: Sapling Growth Modifier: 100%
[12:18:23] [Server thread/INFO]: Beetroot Growth Modifier: 100%
[12:18:23] [Server thread/INFO]: Carrot Growth Modifier: 100%
[12:18:23] [Server thread/INFO]: Potato Growth Modifier: 100%
[12:18:23] [Server thread/INFO]: Wheat Growth Modifier: 100%
[12:18:24] [Server thread/INFO]: NetherWart Growth Modifier: 100%
[12:18:24] [Server thread/INFO]: Vine Growth Modifier: 100%
[12:18:24] [Server thread/INFO]: Cocoa Growth Modifier: 100%
[12:18:24] [Server thread/INFO]: Bamboo Growth Modifier: 100%
[12:18:24] [Server thread/INFO]: SweetBerry Growth Modifier: 100%
[12:18:24] [Server thread/INFO]: Kelp Growth Modifier: 100%
[12:18:24] [Server thread/INFO]: Tile Max Tick Time: 50ms Entity max Tick Time: 50ms
[12:18:24] [Server thread/INFO]: Max TNT Explosions: 100
[12:18:24] [Server thread/INFO]: Item Despawn Rate: 6000
[12:18:24] [Server thread/INFO]: Item Merge Radius: 2.5
[12:18:24] [Server thread/INFO]: View Distance: 10
[12:18:24] [Server thread/INFO]: Entity Tracking Range: Pl 48 / An 48 / Mo 48 / Mi 32 / Other 64
[12:18:24] [Server thread/INFO]: Allow Zombie Pigmen to spawn from portal blocks: true
[12:18:24] [Server thread/INFO]: Arrow Despawn Rate: 1200 Trident Respawn Rate:1200
[12:18:24] [Server thread/INFO]: Nerfing mobs spawned from spawners: false
[12:18:24] [Server thread/INFO]: Zombie Aggressive Towards Villager: true
[12:18:24] [Server thread/WARN]: Unable to find spawn biome
[12:18:24] [Server thread/INFO]: Preparing start region for dimension minecraft:overworld
[12:18:24] [Worker-Main-8/INFO]: Preparing spawn area: 0%
[12:18:24] [Worker-Main-6/INFO]: Preparing spawn area: 0%
[12:18:25] [Worker-Main-12/INFO]: Preparing spawn area: 1%
[12:18:25] [Worker-Main-7/INFO]: Preparing spawn area: 4%
[12:18:26] [Worker-Main-6/INFO]: Preparing spawn area: 9%
[12:18:26] [Worker-Main-8/INFO]: Preparing spawn area: 15%
[12:18:27] [Worker-Main-6/INFO]: Preparing spawn area: 23%
[12:18:27] [Worker-Main-12/INFO]: Preparing spawn area: 32%
[12:18:28] [Worker-Main-8/INFO]: Preparing spawn area: 42%
[12:18:28] [Worker-Main-8/INFO]: Preparing spawn area: 47%
[12:18:29] [Worker-Main-7/INFO]: Preparing spawn area: 61%
[12:18:29] [Worker-Main-10/INFO]: Preparing spawn area: 66%
[12:18:30] [Worker-Main-12/INFO]: Preparing spawn area: 77%
[12:18:30] [Worker-Main-7/INFO]: Preparing spawn area: 87%
[12:18:31] [Worker-Main-12/INFO]: Preparing spawn area: 97%
[12:18:31] [Server thread/INFO]: Time elapsed: 7112 ms
[12:18:31] [Server thread/INFO]: Preparing start region for dimension minecraft:the_nether
[12:18:31] [Worker-Main-7/INFO]: Preparing spawn area: 0%
[12:18:32] [Worker-Main-7/INFO]: Preparing spawn area: 5%
[12:18:32] [Worker-Main-6/INFO]: Preparing spawn area: 15%
[12:18:33] [Worker-Main-8/INFO]: Preparing spawn area: 22%
[12:18:33] [Worker-Main-6/INFO]: Preparing spawn area: 24%
[12:18:34] [Worker-Main-6/INFO]: Preparing spawn area: 31%
[12:18:34] [Worker-Main-6/INFO]: Preparing spawn area: 42%
[12:18:35] [Worker-Main-10/INFO]: Preparing spawn area: 54%
[12:18:35] [Worker-Main-10/INFO]: Preparing spawn area: 64%
[12:18:36] [Worker-Main-12/INFO]: Preparing spawn area: 83%
[12:18:36] [Worker-Main-12/INFO]: Preparing spawn area: 96%
[12:18:36] [Server thread/INFO]: Time elapsed: 5062 ms
[12:18:36] [Server thread/INFO]: Preparing start region for dimension minecraft:the_end
[12:18:36] [Worker-Main-6/INFO]: Preparing spawn area: 0%
[12:18:37] [Worker-Main-7/INFO]: Preparing spawn area: 31%
[12:18:37] [Worker-Main-10/INFO]: Preparing spawn area: 89%
[12:18:37] [Server thread/INFO]: Time elapsed: 1071 ms
[12:18:37] [Server thread/INFO]: Done (17.983s)! For help, type "help"
[12:18:44] [Server thread/INFO]: Stopping the server
[12:18:44] [Server thread/INFO]: Stopping server
[12:18:44] [Server thread/INFO]: Saving players
[12:18:44] [Server thread/INFO]: Saving worlds
[12:18:44] [Server thread/INFO]: Saving chunks for level 'ServerLevel[world]'/minecraft:overworld
[12:18:45] [Server thread/INFO]: ThreadedAnvilChunkStorage (world): All chunks are saved
[12:18:45] [Server thread/INFO]: Saving chunks for level 'ServerLevel[world_nether]'/minecraft:the_nether
[12:18:46] [Server thread/INFO]: ThreadedAnvilChunkStorage (DIM-1): All chunks are saved
[12:18:46] [Server thread/INFO]: Saving chunks for level 'ServerLevel[world_the_end]'/minecraft:the_end
[12:18:47] [Server thread/INFO]: ThreadedAnvilChunkStorage (DIM1): All chunks are saved
[12:18:47] [Server thread/INFO]: ThreadedAnvilChunkStorage (world): All chunks are saved
[12:18:47] [Server thread/INFO]: ThreadedAnvilChunkStorage (DIM-1): All chunks are saved
[12:18:47] [Server thread/INFO]: ThreadedAnvilChunkStorage (DIM1): All chunks are saved
